time=2025-09-23T10:01:49.594209Z level=info logger=amvera message="Инициализация Poisson-регрессионной модели (sklearn). Alpha: 0.001, Max_iter: 300"
time=2025-09-23T10:01:51.745049Z level=info logger=amvera message="Runtime lock acquired at /workspace/telegram-bot/.tmpdata/runtime.lock"
time=2025-09-23T10:01:51.745561Z level=info logger=amvera message="Приложение запускается (dry_run=True)"
time=2025-09-23T10:01:51.745750Z level=info logger=amvera message="DEBUG=False LOG_LEVEL=INFO"
time=2025-09-23T10:01:51.745881Z level=info logger=amvera message="Инициализация CacheManager"
time=2025-09-23T10:01:51.750867Z level=error logger=amvera message="❌ Не удалось подключиться к Redis: Error 111 connecting to localhost:6379. 111."
time=2025-09-23T10:01:51.751108Z level=info logger=amvera message="Кэш (Redis) инициализирован"
time=2025-09-23T10:01:51.751267Z level=warning logger=amvera message="Файл с рейтингами data/team_ratings.json не найден. team_ratings останется пустым."
time=2025-09-23T10:01:51.751379Z level=info logger=amvera message="Планировщик retrain отключен (ENABLE_SCHEDULER=0)"
time=2025-09-23T10:01:51.751933Z level=info logger=amvera message="Health server started on 0.0.0.0:8080"
time=2025-09-23T10:01:51.752091Z level=info logger=amvera message="DATA_ROOT=/workspace/telegram-bot/.tmpdata"
time=2025-09-23T10:01:51.752289Z level=info logger=amvera message="DB_PATH=/workspace/telegram-bot/.tmpdata/bot.sqlite3"
time=2025-09-23T10:01:51.752359Z level=info logger=amvera message="REPORTS_DIR=/workspace/telegram-bot/reports"
time=2025-09-23T10:01:51.752425Z level=info logger=amvera message="MODEL_REGISTRY_PATH=/workspace/telegram-bot/.tmpdata/artifacts"
time=2025-09-23T10:01:51.752491Z level=info logger=amvera message="LOG_DIR=/workspace/telegram-bot/.tmpdata/logs"
time=2025-09-23T10:01:51.752730Z level=info logger=amvera message="Проверка записи для LOG_DIR: /workspace/telegram-bot/.tmpdata/logs"
time=2025-09-23T10:01:51.752980Z level=info logger=amvera message="Проверка записи для REPORTS_DIR: /workspace/telegram-bot/reports"
time=2025-09-23T10:01:51.753159Z level=info logger=amvera message="Проверка записи для MODEL_REGISTRY_PATH: /workspace/telegram-bot/.tmpdata/artifacts"
time=2025-09-23T10:01:51.753315Z level=info logger=amvera message="Инициализация TelegramBot"
time=2025-09-23T10:01:51.779714Z level=info logger=amvera message="✅ Telegram Bot клиент инициализирован"
time=2025-09-23T10:01:51.779933Z level=info logger=amvera message="🚀 Инициализация кэша PostgreSQL..."
time=2025-09-23T10:01:51.780017Z level=info logger=amvera message="Инициализация CacheManager"
time=2025-09-23T10:01:51.783749Z level=error logger=amvera message="❌ Не удалось подключиться к Redis: Error 111 connecting to localhost:6379. 111."
time=2025-09-23T10:01:51.784086Z level=info logger=amvera message="Кэш (Redis) инициализирован"
time=2025-09-23T10:01:51.784182Z level=info logger=amvera message="✅ Кэш PostgreSQL инициализирован"
time=2025-09-23T10:01:51.817982Z level=info logger=amvera message="✅ Роутеры зарегистрированы"
time=2025-09-23T10:01:51.819382Z level=info logger=amvera message="SQLite vacuum/analyze выполнено успешно"
time=2025-09-23T10:01:51.819560Z level=info logger=amvera message="SQLite backup выполнено успешно"
time=2025-09-23T10:01:51.859215Z level=warning logger=amvera message="⚠️ Ошибка установки команд бота: HTTP Client says - ClientConnectorError: Cannot connect to host api.telegram.org:443 ssl:default [Network is unreachable]"
time=2025-09-23T10:01:51.859827Z level=info logger=amvera message="✅ Бот инициализирован успешно"
time=2025-09-23T10:01:51.859952Z level=info logger=amvera message="🚦 Dry-run: пропуск запуска polling"
time=2025-09-23T10:01:51.860021Z level=info logger=amvera message="🧹 Начало очистки ресурсов бота..."
time=2025-09-23T10:01:52.110605Z level=info logger=amvera message="✅ Сессия бота закрыта"
time=2025-09-23T10:01:52.110865Z level=info logger=amvera message="✅ Хранилище FSM закрыто"
time=2025-09-23T10:01:52.110947Z level=info logger=amvera message="✅ Ресурсы бота освобождены"
time=2025-09-23T10:01:52.111017Z level=info logger=amvera message="🧹 Начало очистки ресурсов бота..."
time=2025-09-23T10:01:52.111094Z level=info logger=amvera message="✅ Сессия бота закрыта"
time=2025-09-23T10:01:52.111163Z level=info logger=amvera message="✅ Хранилище FSM закрыто"
time=2025-09-23T10:01:52.111241Z level=info logger=amvera message="✅ Ресурсы бота освобождены"
time=2025-09-23T10:01:52.111317Z level=info logger=amvera message="Завершение приложения..."
time=2025-09-23T10:01:52.111741Z level=info logger=amvera message="Health server stopped"
time=2025-09-23T10:01:52.112437Z level=info logger=amvera message="✅ Ресурсы приложения освобождены"
time=2025-09-23T10:01:52.113009Z level=info logger=amvera message="Runtime lock released at /workspace/telegram-bot/.tmpdata/runtime.lock"

